<?xml version="1.0" encoding="UTF-8"?>
<!-- Generated by org.testng.reporters.JUnitXMLReporter -->
<testsuite hostname="LAPTOP-P9AHAKG1" ignored="2" name="Test" tests="1" failures="0" timestamp="07 Aug 2019 00:08:32 GMT" time="0.035" errors="0">
  <testcase name="testcase3" time="0.01" classname="com.mock.MockpracTest"/>
  <testcase name="testcase2" time="0.0" classname="com.mock.MockpracTest">
    <ignored/>
  </testcase> <!-- testcase2 -->
  <testcase name="testcase1" time="0.0" classname="com.mock.MockpracTest">
    <ignored/>
  </testcase> <!-- testcase1 -->
</testsuite> <!-- Test -->
