<?xml version="1.0" encoding="UTF-8"?>
<!-- Generated by org.testng.reporters.JUnitXMLReporter -->
<testsuite hostname="LAPTOP-P9AHAKG1" ignored="0" name="Test" tests="4" failures="0" timestamp="04 Sep 2019 22:02:29 GMT" time="29.645" errors="0">
  <testcase name="LoginpageTitleTest" time="0.017" classname="com.whitebox.pageTestcases.LoginPageTest"/>
  <testcase name="logindetTest" time="0.335" classname="com.whitebox.pageTestcases.LoginPageTest"/>
  <testcase name="logoTest" time="0.038" classname="com.whitebox.pageTestcases.LoginPageTest"/>
  <testcase name="homePageTitleTest" time="0.006" classname="com.whitebox.pageTestcases.HomePageTest"/>
</testsuite> <!-- Test -->
