<?xml version="1.0" encoding="UTF-8"?>
<testng-results skipped="0" failed="1" ignored="0" total="4" passed="3">
  <reporter-output>
  </reporter-output>
  <suite name="Default suite" duration-ms="5582" started-at="2019-09-17T18:38:29Z" finished-at="2019-09-17T18:38:34Z">
    <groups>
    </groups>
    <test name="Default test" duration-ms="5582" started-at="2019-09-17T18:38:29Z" finished-at="2019-09-17T18:38:34Z">
      <class name="com.restassured.RestAssuredProject.RestAssuredmethodsTest">
        <test-method status="PASS" signature="delete_Test()[pri:0, instance:com.restassured.RestAssuredProject.RestAssuredmethodsTest@3e6fa38a]" name="delete_Test" duration-ms="3344" started-at="2019-09-17T18:38:29Z" finished-at="2019-09-17T18:38:32Z">
          <reporter-output>
          </reporter-output>
        </test-method> <!-- delete_Test -->
        <test-method status="FAIL" signature="get_Test()[pri:0, instance:com.restassured.RestAssuredProject.RestAssuredmethodsTest@3e6fa38a]" name="get_Test" duration-ms="259" started-at="2019-09-17T18:38:32Z" finished-at="2019-09-17T18:38:32Z">
          <exception class="junit.framework.ComparisonFailure">
            <message>
              <![CDATA[expected:<abc> but was:<cloudflare>]]>
            </message>
            <full-stacktrace>
              <![CDATA[junit.framework.ComparisonFailure: expected:<abc> but was:<cloudflare>
at junit.framework.Assert.assertEquals(Assert.java:81)
at junit.framework.Assert.assertEquals(Assert.java:87)
at com.restassured.RestAssuredProject.RestAssuredmethodsTest.get_Test(RestAssuredmethodsTest.java:30)
at sun.reflect.NativeMethodAccessorImpl.invoke0(Native Method)
at sun.reflect.NativeMethodAccessorImpl.invoke(NativeMethodAccessorImpl.java:62)
at sun.reflect.DelegatingMethodAccessorImpl.invoke(DelegatingMethodAccessorImpl.java:43)
at java.lang.reflect.Method.invoke(Method.java:498)
at org.testng.internal.MethodInvocationHelper.invokeMethod(MethodInvocationHelper.java:124)
at org.testng.internal.Invoker.invokeMethod(Invoker.java:580)
at org.testng.internal.Invoker.invokeTestMethod(Invoker.java:716)
at org.testng.internal.Invoker.invokeTestMethods(Invoker.java:988)
at org.testng.internal.TestMethodWorker.invokeTestMethods(TestMethodWorker.java:125)
at org.testng.internal.TestMethodWorker.run(TestMethodWorker.java:109)
at org.testng.TestRunner.privateRun(TestRunner.java:648)
at org.testng.TestRunner.run(TestRunner.java:505)
at org.testng.SuiteRunner.runTest(SuiteRunner.java:455)
at org.testng.SuiteRunner.runSequentially(SuiteRunner.java:450)
at org.testng.SuiteRunner.privateRun(SuiteRunner.java:415)
at org.testng.SuiteRunner.run(SuiteRunner.java:364)
at org.testng.SuiteRunnerWorker.runSuite(SuiteRunnerWorker.java:52)
at org.testng.SuiteRunnerWorker.run(SuiteRunnerWorker.java:84)
at org.testng.TestNG.runSuitesSequentially(TestNG.java:1208)
at org.testng.TestNG.runSuitesLocally(TestNG.java:1137)
at org.testng.TestNG.runSuites(TestNG.java:1049)
at org.testng.TestNG.run(TestNG.java:1017)
at org.testng.remote.AbstractRemoteTestNG.run(AbstractRemoteTestNG.java:114)
at org.testng.remote.RemoteTestNG.initAndRun(RemoteTestNG.java:251)
at org.testng.remote.RemoteTestNG.main(RemoteTestNG.java:77)
]]>
            </full-stacktrace>
          </exception> <!-- junit.framework.ComparisonFailure -->
          <reporter-output>
          </reporter-output>
        </test-method> <!-- get_Test -->
        <test-method status="PASS" signature="post_Test()[pri:0, instance:com.restassured.RestAssuredProject.RestAssuredmethodsTest@3e6fa38a]" name="post_Test" duration-ms="1380" started-at="2019-09-17T18:38:32Z" finished-at="2019-09-17T18:38:34Z">
          <reporter-output>
          </reporter-output>
        </test-method> <!-- post_Test -->
        <test-method status="PASS" signature="put_Test()[pri:0, instance:com.restassured.RestAssuredProject.RestAssuredmethodsTest@3e6fa38a]" name="put_Test" duration-ms="532" started-at="2019-09-17T18:38:34Z" finished-at="2019-09-17T18:38:34Z">
          <reporter-output>
          </reporter-output>
        </test-method> <!-- put_Test -->
      </class> <!-- com.restassured.RestAssuredProject.RestAssuredmethodsTest -->
    </test> <!-- Default test -->
  </suite> <!-- Default suite -->
</testng-results>
