<?xml version="1.0" encoding="UTF-8"?>
<testng-results skipped="0" failed="0" ignored="0" total="1" passed="1">
  <reporter-output>
  </reporter-output>
  <suite name="Default suite" duration-ms="14126" started-at="2018-11-12T06:31:19Z" finished-at="2018-11-12T06:31:33Z">
    <groups>
    </groups>
    <test name="Default test" duration-ms="14126" started-at="2018-11-12T06:31:19Z" finished-at="2018-11-12T06:31:33Z">
      <class name="com.test.Node1">
        <test-method status="PASS" signature="TestNode1()[pri:0, instance:com.test.Node1@4493d195]" name="TestNode1" duration-ms="14093" started-at="2018-11-12T06:31:19Z" finished-at="2018-11-12T06:31:33Z">
          <reporter-output>
          </reporter-output>
        </test-method> <!-- TestNode1 -->
      </class> <!-- com.test.Node1 -->
    </test> <!-- Default test -->
  </suite> <!-- Default suite -->
</testng-results>
