<?xml version="1.0" encoding="UTF-8"?>
<!-- Generated by org.testng.reporters.JUnitXMLReporter -->
<testsuite hostname="LAPTOP-P9AHAKG1" ignored="1" name="Default test" tests="2" failures="0" timestamp="22 Sep 2019 21:22:35 GMT" time="0.044" errors="0">
  <testcase name="testcase2" time="0.012" classname="com.mock.MockpracTest"/>
  <testcase name="testcase3" time="0.001" classname="com.mock.MockpracTest"/>
  <testcase name="testcase1" time="0.0" classname="com.mock.MockpracTest">
    <ignored/>
  </testcase> <!-- testcase1 -->
</testsuite> <!-- Default test -->
