<?xml version="1.0" encoding="UTF-8"?>
<testng-results skipped="0" failed="0" ignored="0" total="1" passed="1">
  <reporter-output>
  </reporter-output>
  <suite name="Default suite" duration-ms="2456" started-at="2019-09-16T23:14:11Z" finished-at="2019-09-16T23:14:13Z">
    <groups>
    </groups>
    <test name="Default test" duration-ms="2456" started-at="2019-09-16T23:14:11Z" finished-at="2019-09-16T23:14:13Z">
      <class name="com.restapiTest.RestapiTest">
        <test-method status="PASS" signature="getRequest()[pri:0, instance:com.restapiTest.RestapiTest@1e88b3c]" name="getRequest" duration-ms="2419" started-at="2019-09-16T23:14:11Z" finished-at="2019-09-16T23:14:13Z">
          <reporter-output>
          </reporter-output>
        </test-method> <!-- getRequest -->
      </class> <!-- com.restapiTest.RestapiTest -->
    </test> <!-- Default test -->
  </suite> <!-- Default suite -->
</testng-results>
