<?xml version="1.0" encoding="UTF-8" standalone="no"?>
<testsuite failures="0" name="cucumber.runtime.formatter.JUnitFormatter" skipped="0" tests="1" time="20.699509">
<testcase classname="FaceBook login feature" name="FaceBook login test Scenario" time="20.699509">
<system-out><![CDATA[Given Open the Browser......................................................passed
Then Open the Facebook page.................................................passed
When User wants to login into Facebook......................................passed
Then User has to give the "sunitha.gudise@gmail.com" and "kutty136".........passed
And User has to click the login button......................................passed
]]></system-out>
</testcase>
</testsuite>
